<?xml version="1.0" encoding="UTF-8"?>
<!-- Generated by org.testng.reporters.JUnitReportReporter -->
<testsuite skipped="0" hostname="XO-QA-FC-071" name="demo.test.AppTest" tests="1" failures="0" timestamp="28 Feb 2018 06:12:39 GMT" time="87.983" errors="0">
  <testcase name="verifyHomepageTitle" time="87.983" classname="demo.test.AppTest"/>
</testsuite> <!-- demo.test.AppTest -->
